
ROM used:   1206/8192 (15%)
            1206/8192 (15%) including unused fragments

            1.0 Average locations per line
            11.8 Average locations per statement

RAM used:   11/368 (3%) at main() level
            37/368 (10%) worst case

Stack used: 0 worst case (0 in main + 0 for interrupts)
Stack size: 8

Lines Stmts  %   Files
----- ----- ---  -----
   41    18  18  adc.c
  661     0   0  D:\Program Files (x86)\PICC\Devices\16f877a.h
  456    84  82  D:\Program Files (x86)\PICC\Drivers\lcd.c
----- -----
 1158   102 Total

Page ROM  %  RAM   Vol Diff  Functions:
---- --- --- ---   --- ----  ----------
0     21   2    1             @delay_ms1
0      8   1    0             @const629
 Inline         3   596  5.9  lcd_read_byte
0      6   0    0    59  4.2  lcd_read_nibble
0     12   1    1   179  3.3  lcd_send_nibble
0     64   5    3   460  4.7  lcd_send_byte
0     51   4    2   667  5.9  lcd_init
0     18   1    4   208  6.3  lcd_gotoxy
0     44   4    1   354  4.7  lcd_putc
0    130  11    0   447  3.2  MAIN
0     31   3    2             @ITOF
0    204  17   14             @DIVFF
0    101   8    9             @PRINTF_LU_647
0      6   0    0             @const672
0     86   7    5             @PSTRINGCN7_647
 Inline        13             @MULFF
 Inline         5             @FTOSD
0     79   7   13             @DIV3232
0    341  28   13             @PRINTF_L32D_647FPFPF
 Inline         0             @cinit1

Program metrics:
    Functions               8
    Statements              102
    Comments                211
    Volume (V)              4548
    Difficulty (D)          35.3
    Effort to implement (E) 160571
    Time to implement (T)   2 hours, 29 minutes
    Est Delivered Bugs (B)  1
    Cyclomatic Complexity   8
    Maintainability (MI)    146

 Segment     Used  Free
-----------  ----  ----
00000-00003     4  0  
00004-007FF  1202  842  
00800-00FFF     0  2048  
01000-017FF     0  2048  
01800-01FFF     0  2048  



